<?xml version="1.0" encoding="UTF-8"?>
<!-- Generated by org.testng.reporters.JUnitReportReporter -->
<testsuite hostname="manjuvani_a_Laptop" name="com.testscript.LoginTest" tests="1" failures="0" timestamp="11 Sep 2017 10:58:44 GMT" time="175.719" errors="0">
  <testcase name="appLogin" time="175.719" classname="com.testscript.LoginTest"/>
</testsuite> <!-- com.testscript.LoginTest -->
