<?xml version="1.0" encoding="UTF-8"?>
<!-- Generated by org.testng.reporters.JUnitReportReporter -->
<testsuite hostname="manjuvani_a_Laptop" name="com.testscript.LoginTest" tests="1" failures="0" timestamp="10 Sep 2017 18:16:19 GMT" time="114.569" errors="0">
  <testcase name="appLogin" time="114.569" classname="com.testscript.LoginTest"/>
</testsuite> <!-- com.testscript.LoginTest -->
